{"C:\\Users\\ZULUTECH\\Carrarapets\\jest.config.js": {"path":"C:\\Users\\ZULUTECH\\Carrarapets\\jest.config.js","statementMap":{"0":{"start":{"line":1,"column":0},"end":{"line":9,"column":2}}},"fnMap":{},"branchMap":{},"s":{"0":2},"f":{},"b":{},"_coverageSchema":"1a1c01bbd47fc00a2c39e90264f33305004495a9","hash":"c2527a64bf6de758de0de87d9b4ed8b79395defc"}
,"C:\\Users\\ZULUTECH\\Carrarapets\\src\\app\\domain\\config\\index.js": {"path":"C:\\Users\\ZULUTECH\\Carrarapets\\src\\app\\domain\\config\\index.js","statementMap":{"0":{"start":{"line":1,"column":16},"end":{"line":1,"column":33}},"1":{"start":{"line":2,"column":17},"end":{"line":2,"column":37}},"2":{"start":{"line":3,"column":0},"end":{"line":3,"column":15}},"3":{"start":{"line":5,"column":15},"end":{"line":17,"column":1}},"4":{"start":{"line":21,"column":34},"end":{"line":31,"column":5}},"5":{"start":{"line":33,"column":33},"end":{"line":33,"column":35}},"6":{"start":{"line":35,"column":4},"end":{"line":40,"column":5}},"7":{"start":{"line":36,"column":8},"end":{"line":38,"column":9}},"8":{"start":{"line":37,"column":12},"end":{"line":37,"column":61}},"9":{"start":{"line":43,"column":4},"end":{"line":53,"column":5}},"10":{"start":{"line":44,"column":8},"end":{"line":44,"column":61}},"11":{"start":{"line":46,"column":8},"end":{"line":49,"column":9}},"12":{"start":{"line":47,"column":10},"end":{"line":47,"column":67}},"13":{"start":{"line":51,"column":8},"end":{"line":51,"column":24}},"14":{"start":{"line":57,"column":0},"end":{"line":61,"column":1}}},"fnMap":{"0":{"name":"validateEnvProvidedConfig","decl":{"start":{"line":20,"column":9},"end":{"line":20,"column":34}},"loc":{"start":{"line":20,"column":36},"end":{"line":56,"column":1}},"line":20}},"branchMap":{"0":{"loc":{"start":{"line":36,"column":8},"end":{"line":38,"column":9}},"type":"if","locations":[{"start":{"line":36,"column":8},"end":{"line":38,"column":9}},{"start":{},"end":{}}],"line":36},"1":{"loc":{"start":{"line":43,"column":4},"end":{"line":53,"column":5}},"type":"if","locations":[{"start":{"line":43,"column":4},"end":{"line":53,"column":5}},{"start":{},"end":{}}],"line":43}},"s":{"0":4,"1":4,"2":4,"3":4,"4":2,"5":2,"6":2,"7":18,"8":9,"9":2,"10":1,"11":1,"12":9,"13":1,"14":4},"f":{"0":2},"b":{"0":[9,9],"1":[1,1]},"_coverageSchema":"1a1c01bbd47fc00a2c39e90264f33305004495a9","hash":"73f40719d8612d56250698c0761140fbf83dc0ad"}
,"C:\\Users\\ZULUTECH\\Carrarapets\\src\\app\\domain\\db\\index.js": {"path":"C:\\Users\\ZULUTECH\\Carrarapets\\src\\app\\domain\\db\\index.js","statementMap":{"0":{"start":{"line":1,"column":17},"end":{"line":1,"column":37}},"1":{"start":{"line":2,"column":17},"end":{"line":2,"column":30}},"2":{"start":{"line":3,"column":17},"end":{"line":3,"column":37}},"3":{"start":{"line":7,"column":18},"end":{"line":7,"column":23}},"4":{"start":{"line":10,"column":8},"end":{"line":16,"column":10}},"5":{"start":{"line":20,"column":8},"end":{"line":25,"column":9}},"6":{"start":{"line":21,"column":12},"end":{"line":21,"column":40}},"7":{"start":{"line":22,"column":12},"end":{"line":22,"column":36}},"8":{"start":{"line":23,"column":12},"end":{"line":23,"column":54}},"9":{"start":{"line":29,"column":8},"end":{"line":34,"column":9}},"10":{"start":{"line":30,"column":12},"end":{"line":30,"column":36}},"11":{"start":{"line":31,"column":12},"end":{"line":31,"column":37}},"12":{"start":{"line":32,"column":12},"end":{"line":32,"column":59}},"13":{"start":{"line":38,"column":0},"end":{"line":40,"column":1}}},"fnMap":{"0":{"name":"(anonymous_0)","decl":{"start":{"line":9,"column":4},"end":{"line":9,"column":5}},"loc":{"start":{"line":9,"column":17},"end":{"line":17,"column":5}},"line":9},"1":{"name":"(anonymous_1)","decl":{"start":{"line":19,"column":4},"end":{"line":19,"column":5}},"loc":{"start":{"line":19,"column":19},"end":{"line":26,"column":5}},"line":19},"2":{"name":"(anonymous_2)","decl":{"start":{"line":28,"column":4},"end":{"line":28,"column":5}},"loc":{"start":{"line":28,"column":17},"end":{"line":35,"column":5}},"line":28}},"branchMap":{"0":{"loc":{"start":{"line":20,"column":8},"end":{"line":25,"column":9}},"type":"if","locations":[{"start":{"line":20,"column":8},"end":{"line":25,"column":9}},{"start":{},"end":{}}],"line":20},"1":{"loc":{"start":{"line":29,"column":8},"end":{"line":34,"column":9}},"type":"if","locations":[{"start":{"line":29,"column":8},"end":{"line":34,"column":9}},{"start":{},"end":{}}],"line":29}},"s":{"0":2,"1":2,"2":2,"3":2,"4":2,"5":3,"6":2,"7":1,"8":1,"9":2,"10":1,"11":1,"12":1,"13":2},"f":{"0":2,"1":3,"2":2},"b":{"0":[2,1],"1":[1,1]},"_coverageSchema":"1a1c01bbd47fc00a2c39e90264f33305004495a9","hash":"f9d91e35ee02335efb8a1a557c6da30bbd041170"}
,"C:\\Users\\ZULUTECH\\Carrarapets\\src\\app\\domain\\http-server\\index.js": {"path":"C:\\Users\\ZULUTECH\\Carrarapets\\src\\app\\domain\\http-server\\index.js","statementMap":{"0":{"start":{"line":1,"column":16},"end":{"line":1,"column":34}},"1":{"start":{"line":2,"column":13},"end":{"line":2,"column":28}},"2":{"start":{"line":3,"column":17},"end":{"line":3,"column":37}},"3":{"start":{"line":4,"column":17},"end":{"line":4,"column":37}},"4":{"start":{"line":8,"column":11},"end":{"line":8,"column":30}},"5":{"start":{"line":12,"column":8},"end":{"line":24,"column":10}},"6":{"start":{"line":13,"column":24},"end":{"line":13,"column":33}},"7":{"start":{"line":15,"column":12},"end":{"line":15,"column":27}},"8":{"start":{"line":16,"column":12},"end":{"line":16,"column":35}},"9":{"start":{"line":18,"column":12},"end":{"line":23,"column":14}},"10":{"start":{"line":19,"column":15},"end":{"line":19,"column":71}},"11":{"start":{"line":22,"column":16},"end":{"line":22,"column":25}},"12":{"start":{"line":30,"column":0},"end":{"line":32,"column":1}}},"fnMap":{"0":{"name":"(anonymous_0)","decl":{"start":{"line":10,"column":4},"end":{"line":10,"column":5}},"loc":{"start":{"line":10,"column":11},"end":{"line":27,"column":5}},"line":10},"1":{"name":"(anonymous_1)","decl":{"start":{"line":12,"column":27},"end":{"line":12,"column":28}},"loc":{"start":{"line":12,"column":38},"end":{"line":24,"column":9}},"line":12},"2":{"name":"(anonymous_2)","decl":{"start":{"line":18,"column":34},"end":{"line":18,"column":35}},"loc":{"start":{"line":18,"column":39},"end":{"line":23,"column":13}},"line":18}},"branchMap":{},"s":{"0":2,"1":2,"2":2,"3":2,"4":2,"5":1,"6":1,"7":1,"8":1,"9":1,"10":1,"11":1,"12":2},"f":{"0":1,"1":1,"2":1},"b":{},"_coverageSchema":"1a1c01bbd47fc00a2c39e90264f33305004495a9","hash":"deb037a5e6e8b06ff151f4ddf09b27547e966542"}
,"C:\\Users\\ZULUTECH\\Carrarapets\\src\\app\\domain\\logger\\index.js": {"path":"C:\\Users\\ZULUTECH\\Carrarapets\\src\\app\\domain\\logger\\index.js","statementMap":{"0":{"start":{"line":1,"column":16},"end":{"line":1,"column":34}},"1":{"start":{"line":5,"column":4},"end":{"line":5,"column":69}},"2":{"start":{"line":10,"column":4},"end":{"line":15,"column":6}},"3":{"start":{"line":16,"column":4},"end":{"line":35,"column":6}},"4":{"start":{"line":39,"column":0},"end":{"line":42,"column":1}}},"fnMap":{"0":{"name":"logFormatter","decl":{"start":{"line":4,"column":9},"end":{"line":4,"column":21}},"loc":{"start":{"line":4,"column":29},"end":{"line":6,"column":1}},"line":4},"1":{"name":"createLogger","decl":{"start":{"line":9,"column":9},"end":{"line":9,"column":21}},"loc":{"start":{"line":9,"column":23},"end":{"line":37,"column":1}},"line":9}},"branchMap":{},"s":{"0":7,"1":5,"2":7,"3":7,"4":7},"f":{"0":5,"1":7},"b":{},"_coverageSchema":"1a1c01bbd47fc00a2c39e90264f33305004495a9","hash":"442b5bfb95a7e9a89cf9b227802cdbcb1219122e"}
,"C:\\Users\\ZULUTECH\\Carrarapets\\src\\app\\domain\\startup\\index.js": {"path":"C:\\Users\\ZULUTECH\\Carrarapets\\src\\app\\domain\\startup\\index.js","statementMap":{"0":{"start":{"line":1,"column":38},"end":{"line":1,"column":58}},"1":{"start":{"line":2,"column":21},"end":{"line":2,"column":37}},"2":{"start":{"line":3,"column":26},"end":{"line":3,"column":51}},"3":{"start":{"line":4,"column":17},"end":{"line":4,"column":37}},"4":{"start":{"line":11,"column":8},"end":{"line":11,"column":53}},"5":{"start":{"line":14,"column":8},"end":{"line":14,"column":36}},"6":{"start":{"line":16,"column":8},"end":{"line":16,"column":56}},"7":{"start":{"line":19,"column":8},"end":{"line":19,"column":26}},"8":{"start":{"line":20,"column":8},"end":{"line":20,"column":29}},"9":{"start":{"line":22,"column":8},"end":{"line":22,"column":52}},"10":{"start":{"line":26,"column":0},"end":{"line":28,"column":1}}},"fnMap":{"0":{"name":"(anonymous_0)","decl":{"start":{"line":9,"column":4},"end":{"line":9,"column":5}},"loc":{"start":{"line":9,"column":26},"end":{"line":23,"column":5}},"line":9}},"branchMap":{},"s":{"0":1,"1":1,"2":1,"3":1,"4":1,"5":1,"6":1,"7":1,"8":1,"9":1,"10":1},"f":{"0":1},"b":{},"_coverageSchema":"1a1c01bbd47fc00a2c39e90264f33305004495a9","hash":"9033714125a5691beb28522eaaf9a354a5418a14"}
}
