TN:
SF:jest.config.js
FNF:0
FNH:0
DA:1,2
LF:1
LH:1
BRF:0
BRH:0
end_of_record
TN:
SF:src\app\domain\config\index.js
FN:20,validateEnvProvidedConfig
FNF:1
FNH:1
FNDA:2,validateEnvProvidedConfig
DA:1,4
DA:2,4
DA:3,4
DA:5,4
DA:21,2
DA:33,2
DA:35,2
DA:36,18
DA:37,9
DA:43,2
DA:44,1
DA:46,1
DA:47,9
DA:51,1
DA:57,4
LF:15
LH:15
BRDA:36,0,0,9
BRDA:36,0,1,9
BRDA:43,1,0,1
BRDA:43,1,1,1
BRF:4
BRH:4
end_of_record
TN:
SF:src\app\domain\db\index.js
FN:9,(anonymous_0)
FN:19,(anonymous_1)
FN:28,(anonymous_2)
FNF:3
FNH:3
FNDA:2,(anonymous_0)
FNDA:3,(anonymous_1)
FNDA:2,(anonymous_2)
DA:1,2
DA:2,2
DA:3,2
DA:7,2
DA:10,2
DA:20,3
DA:21,2
DA:22,1
DA:23,1
DA:29,2
DA:30,1
DA:31,1
DA:32,1
DA:38,2
LF:14
LH:14
BRDA:20,0,0,2
BRDA:20,0,1,1
BRDA:29,1,0,1
BRDA:29,1,1,1
BRF:4
BRH:4
end_of_record
TN:
SF:src\app\domain\http-server\index.js
FN:10,(anonymous_0)
FN:12,(anonymous_1)
FN:18,(anonymous_2)
FNF:3
FNH:3
FNDA:1,(anonymous_0)
FNDA:1,(anonymous_1)
FNDA:1,(anonymous_2)
DA:1,2
DA:2,2
DA:3,2
DA:4,2
DA:8,2
DA:12,1
DA:13,1
DA:15,1
DA:16,1
DA:18,1
DA:19,1
DA:22,1
DA:30,2
LF:13
LH:13
BRF:0
BRH:0
end_of_record
TN:
SF:src\app\domain\logger\index.js
FN:4,logFormatter
FN:9,createLogger
FNF:2
FNH:2
FNDA:5,logFormatter
FNDA:7,createLogger
DA:1,7
DA:5,5
DA:10,7
DA:16,7
DA:39,7
LF:5
LH:5
BRF:0
BRH:0
end_of_record
TN:
SF:src\app\domain\startup\index.js
FN:9,(anonymous_0)
FNF:1
FNH:1
FNDA:1,(anonymous_0)
DA:1,1
DA:2,1
DA:3,1
DA:4,1
DA:11,1
DA:14,1
DA:16,1
DA:19,1
DA:20,1
DA:22,1
DA:26,1
LF:11
LH:11
BRF:0
BRH:0
end_of_record
